<?xml version="1.0" encoding="UTF-8"?>
<testsuite name="com.NhiChung.Selenium.selenium4.UITesting" tests="1" skipped="0" failures="0" errors="0" timestamp="2021-10-27T05:27:10" hostname="WSAMZN-KD7Q83LI" time="23.618">
  <properties/>
  <testcase name="searchNormalText()" classname="com.NhiChung.Selenium.selenium4.UITesting" time="23.618"/>
  <system-out><![CDATA[]]></system-out>
  <system-err><![CDATA[Starting ChromeDriver 95.0.4638.17 (a9d0719444d4b035e284ed1fce73bf6ccd789df2-refs/branch-heads/4638@{#178}) on port 28024
Only local connections are allowed.
Please see https://chromedriver.chromium.org/security-considerations for suggestions on keeping ChromeDriver safe.
ChromeDriver was started successfully.
Oct 27, 2021 12:27:13 PM org.openqa.selenium.remote.ProtocolHandshake createSession
INFO: Detected dialect: W3C
Oct 27, 2021 12:27:13 PM org.openqa.selenium.devtools.CdpVersionFinder findNearestMatch
WARNING: Unable to find an exact match for CDP version 95, so returning the closest version found: 93
Oct 27, 2021 12:27:13 PM org.openqa.selenium.devtools.CdpVersionFinder findNearestMatch
INFO: Found CDP implementation for version 95 of 93
]]></system-err>
</testsuite>
